Android App/Projects/old/Jarvis Old app (not launcher)/app/build/intermediates/manifest_merge_blame_file/debug/manifest-merger-blame-debug-report.txt
1<?xml version="1.0" encoding="utf-8"?>
2<manifest xmlns:android="http://schemas.android.com/apk/res/android"
3    package="com.dante.jarvis"
4    android:versionCode="1"
5    android:versionName="1.0" >
6
7    <uses-sdk
8        android:minSdkVersion="16"
8-->src/main/AndroidManifest.xml
9        android:targetSdkVersion="29" />
9-->src/main/AndroidManifest.xml
10
11    <uses-permission android:name="android.permission.INTERNET" />
11-->src/main/AndroidManifest.xml:6:5-66
11-->src/main/AndroidManifest.xml:6:22-64
12    <uses-permission android:name="android.permission.ACCESS_NETWORK_STATE" />
12-->src/main/AndroidManifest.xml:7:5-78
12-->src/main/AndroidManifest.xml:7:22-76
13    <uses-permission android:name="android.permission.ACCESS_WIFI_STATE" />
13-->src/main/AndroidManifest.xml:8:5-75
13-->src/main/AndroidManifest.xml:8:22-73
14    <uses-permission android:name="android.permission.READ_EXTERNAL_STORAGE" />
14-->src/main/AndroidManifest.xml:11:5-80
14-->src/main/AndroidManifest.xml:11:22-77
15    <uses-permission android:name="android.permission.SET_WALLPAPER" />
15-->src/main/AndroidManifest.xml:12:5-72
15-->src/main/AndroidManifest.xml:12:22-69
16    <uses-permission android:name="com.android.launcher.permission.INSTALL_SHORTCUT" />
16-->src/main/AndroidManifest.xml:15:5-88
16-->src/main/AndroidManifest.xml:15:22-85
17    <uses-permission android:name="com.android.launcher.permission.UNINSTALL_SHORTCUT" />
17-->src/main/AndroidManifest.xml:16:5-90
17-->src/main/AndroidManifest.xml:16:22-87
18
19    <application
19-->src/main/AndroidManifest.xml:19:5-46:19
20        android:allowBackup="true"
20-->src/main/AndroidManifest.xml:20:9-35
21        android:appComponentFactory="androidx.core.app.CoreComponentFactory"
21-->[androidx.core:core:1.1.0] AndroidManifest.xml:24:18-86
22        android:debuggable="true"
23        android:icon="@drawable/icon"
23-->src/main/AndroidManifest.xml:22:9-38
24        android:label="@string/app_name"
24-->src/main/AndroidManifest.xml:21:9-41
25        android:roundIcon="@drawable/icon"
25-->src/main/AndroidManifest.xml:23:9-43
26        android:supportsRtl="true"
26-->src/main/AndroidManifest.xml:24:9-35
27        android:testOnly="true"
28        android:theme="@style/AppTheme" >
28-->src/main/AndroidManifest.xml:25:9-40
29        <activity
29-->src/main/AndroidManifest.xml:28:9-40:20
30            android:name="com.dante.jarvis.MainActivity"
30-->src/main/AndroidManifest.xml:28:19-47
31            android:theme="@style/Theme.AppCompat.Light.NoActionBar" >
31-->src/main/AndroidManifest.xml:29:19-75
32            <intent-filter>
32-->src/main/AndroidManifest.xml:32:13-37:29
33                <action android:name="android.intent.action.MAIN" />
33-->src/main/AndroidManifest.xml:33:17-69
33-->src/main/AndroidManifest.xml:33:25-66
34
35                <category android:name="android.intent.category.HOME" />
35-->src/main/AndroidManifest.xml:34:17-72
35-->src/main/AndroidManifest.xml:34:27-70
36                <category android:name="android.intent.category.DEFAULT" />
36-->src/main/AndroidManifest.xml:35:17-75
36-->src/main/AndroidManifest.xml:35:27-73
37                <category android:name="android.intent.category.LAUNCHER" />
37-->src/main/AndroidManifest.xml:36:17-76
37-->src/main/AndroidManifest.xml:36:27-74
38            </intent-filter>
39        </activity>
40        <activity
40-->src/main/AndroidManifest.xml:42:9-44:20
41            android:name="com.dante.jarvis.AppsListActivity"
41-->src/main/AndroidManifest.xml:42:19-51
42            android:theme="@style/Theme.AppCompat.Light.DarkActionBar" >
42-->src/main/AndroidManifest.xml:43:19-77
43        </activity>
44    </application>
45
46</manifest>